<?xml version="1.0" encoding="UTF-8"?>
<testng-results skipped="0" failed="0" total="3" passed="3">
  <reporter-output>
    <line>
      <![CDATA[text not passed]]>
    </line>
  </reporter-output>
  <suite name="Command line suite" duration-ms="45916" started-at="2018-06-08T03:02:40Z" finished-at="2018-06-08T03:03:26Z">
    <groups>
    </groups>
    <test name="Command line test" duration-ms="45916" started-at="2018-06-08T03:02:40Z" finished-at="2018-06-08T03:03:26Z">
      <class name="com.keximbanking.custlogin.TestExecution">
        <test-method status="PASS" signature="verify_launch()[pri:0, instance:com.keximbanking.custlogin.TestExecution@482f8f11]" name="verify_launch" is-config="true" duration-ms="25594" started-at="2018-06-08T08:32:40Z" finished-at="2018-06-08T08:33:06Z">
          <reporter-output>
          </reporter-output>
        </test-method> <!-- verify_launch -->
        <test-method status="PASS" signature="verify_login()[pri:1, instance:com.keximbanking.custlogin.TestExecution@482f8f11]" name="verify_login" duration-ms="7124" started-at="2018-06-08T08:33:06Z" finished-at="2018-06-08T08:33:13Z">
          <reporter-output>
            <line>
              <![CDATA[text not passed]]>
            </line>
          </reporter-output>
        </test-method> <!-- verify_login -->
        <test-method status="PASS" signature="branch_clicking()[pri:2, instance:com.keximbanking.custlogin.TestExecution@482f8f11]" name="branch_clicking" duration-ms="293" started-at="2018-06-08T08:33:13Z" finished-at="2018-06-08T08:33:13Z">
          <reporter-output>
          </reporter-output>
        </test-method> <!-- branch_clicking -->
        <test-method status="PASS" signature="verify_content()[pri:3, instance:com.keximbanking.custlogin.TestExecution@482f8f11]" name="verify_content" duration-ms="12863" started-at="2018-06-08T08:33:13Z" finished-at="2018-06-08T08:33:26Z">
          <reporter-output>
          </reporter-output>
        </test-method> <!-- verify_content -->
      </class> <!-- com.keximbanking.custlogin.TestExecution -->
    </test> <!-- Command line test -->
  </suite> <!-- Command line suite -->
</testng-results>
