<?xml version="1.0" encoding="UTF-8"?>
<!-- Generated by org.testng.reporters.JUnitXMLReporter -->
<testsuite hostname="user" name="Default test" tests="3" failures="0" timestamp="25 Jun 2018 09:47:39 GMT" time="39.127" errors="0">
  <testcase name="verify_login" time="5.454" classname="com.keximbanking.custlogin.TestExecution"/>
  <testcase name="branch_clicking" time="1.71" classname="com.keximbanking.custlogin.TestExecution"/>
  <testcase name="verify_content" time="18.151" classname="com.keximbanking.custlogin.TestExecution"/>
</testsuite> <!-- Default test -->
