<?xml version="1.0" encoding="UTF-8"?>
<!-- Generated by org.testng.reporters.JUnitXMLReporter -->
<testsuite hostname="DESKTOP-4ACC9C3" name="Default test" tests="6" failures="0" timestamp="8 Jun 2018 03:46:41 GMT" time="49.221" errors="0">
  <testcase name="verify_login" time="4.38" classname="com.keximbanking.custlogin.TestExecution"/>
  <testcase name="verify_login" time="4.38" classname="com.keximbanking.custlogin.TestExecution"/>
  <testcase name="branch_clicking" time="0.902" classname="com.keximbanking.custlogin.TestExecution"/>
  <testcase name="branch_clicking" time="0.902" classname="com.keximbanking.custlogin.TestExecution"/>
  <testcase name="verify_content" time="33.101" classname="com.keximbanking.custlogin.TestExecution"/>
  <testcase name="verify_content" time="33.101" classname="com.keximbanking.custlogin.TestExecution"/>
</testsuite> <!-- Default test -->
