<?xml version="1.0" encoding="UTF-8"?>
<!-- Generated by org.testng.reporters.JUnitXMLReporter -->
<testsuite hostname="DESKTOP-4ACC9C3" name="Command line test" tests="3" failures="0" timestamp="8 Jun 2018 03:03:26 GMT" time="45.916" errors="0">
  <testcase name="verify_login" time="7.124" classname="com.keximbanking.custlogin.TestExecution"/>
  <testcase name="branch_clicking" time="0.293" classname="com.keximbanking.custlogin.TestExecution"/>
  <testcase name="verify_content" time="12.863" classname="com.keximbanking.custlogin.TestExecution"/>
</testsuite> <!-- Command line test -->
