<?xml version="1.0" encoding="UTF-8"?>
<!-- Generated by org.testng.reporters.JUnitXMLReporter -->
<testsuite hostname="user" name="chromeTest" tests="1" failures="0" timestamp="24 Jun 2018 20:20:06 GMT" time="63.307" errors="0">
  <testcase name="@BeforeTest verify_launch" time="0.0" classname="com.keximbanking.custlogin.TestExecution">
    <failure type="org.openqa.selenium.WebDriverException" message="Failed to connect to binary FirefoxBinary(C:\Program Files\Mozilla Firefox\firefox.exe) on port 7055; process output follows: 
hanges
1529871561314	addons.xpi	DEBUG	Updating database with changes to installed add-ons
1529871561314	addons.xpi-utils	DEBUG	Updating add-on states
1529871561315	addons.xpi-utils	DEBUG	Writing add-ons list
1529871561319	addons.xpi	DEBUG	Registering manifest for C:\Program Files\Mozilla Firefox\browser\features\e10srollout@mozilla.org.xpi
1529871561320	addons.xpi	DEBUG	Calling bootstrap method startup on e10srollout@mozilla.org version 1.0
1529871561320	addons.xpi	DEBUG	Registering manifest for C:\Program Files\Mozilla Firefox\browser\features\firefox@getpocket.com.xpi
1529871561321	addons.xpi	DEBUG	Calling bootstrap method startup on firefox@getpocket.com version 1.0.4
1529871561322	addons.xpi	DEBUG	Registering manifest for C:\Program Files\Mozilla Firefox\browser\features\loop@mozilla.org.xpi
1529871561323	addons.xpi	DEBUG	Calling bootstrap method startup on loop@mozilla.org version 1.4.3
1529871561351	addons.manager	DEBUG	Registering shutdown blocker for XPIProvider
1529871561352	addons.manager	DEBUG	Provider finished startup: XPIProvider
1529871561352	addons.manager	DEBUG	Starting provider: LightweightThemeManager
1529871561352	addons.manager	DEBUG	Registering shutdown blocker for LightweightThemeManager
1529871561352	addons.manager	DEBUG	Provider finished startup: LightweightThemeManager
1529871561353	addons.manager	DEBUG	Starting provider: GMPProvider
1529871561362	addons.manager	DEBUG	Registering shutdown blocker for GMPProvider
1529871561362	addons.manager	DEBUG	Provider finished startup: GMPProvider
1529871561362	addons.manager	DEBUG	Starting provider: PluginProvider
1529871561363	addons.manager	DEBUG	Registering shutdown blocker for PluginProvider
1529871561363	addons.manager	DEBUG	Provider finished startup: PluginProvider
1529871561364	addons.manager	DEBUG	Completed startup sequence
1529871562971	addons.manager	DEBUG	Starting provider: &amp;lt;unnamed-provider&amp;gt;
1529871562971	addons.manager	DEBUG	Registering shutdown blocker for &amp;lt;unnamed-provider&amp;gt;
1529871562972	addons.manager	DEBUG	Provider finished startup: &amp;lt;unnamed-provider&amp;gt;
1529871563452	DeferredSave.extensions.json	DEBUG	Write succeeded
1529871563452	addons.xpi-utils	DEBUG	XPI Database saved, setting schema version preference to 17
1529871563452	DeferredSave.extensions.json	DEBUG	Starting timer
1529871563499	DeferredSave.extensions.json	DEBUG	Starting write
1529871563523	addons.repository	DEBUG	No addons.json found.
1529871563524	DeferredSave.addons.json	DEBUG	Save changes
1529871563528	DeferredSave.addons.json	DEBUG	Starting timer
1529871563561	addons.manager	DEBUG	Starting provider: PreviousExperimentProvider
1529871563561	addons.manager	DEBUG	Registering shutdown blocker for PreviousExperimentProvider
1529871563561	addons.manager	DEBUG	Provider finished startup: PreviousExperimentProvider
1529871563570	DeferredSave.extensions.json	DEBUG	Write succeeded
1529871563591	DeferredSave.addons.json	DEBUG	Starting write
1529871563620	DeferredSave.addons.json	DEBUG	Write succeeded
1529871570145	addons.xpi	DEBUG	Calling bootstrap method shutdown on e10srollout@mozilla.org version 1.0
1529871570145	addons.xpi	DEBUG	Calling bootstrap method shutdown on firefox@getpocket.com version 1.0.4
1529871570146	addons.xpi	DEBUG	Calling bootstrap method shutdown on loop@mozilla.org version 1.4.3
1529871570671	addons.manager	DEBUG	shutdown
1529871570671	addons.manager	DEBUG	Calling shutdown blocker for XPIProvider
1529871570672	addons.xpi	DEBUG	shutdown
1529871570672	addons.xpi-utils	DEBUG	shutdown
1529871570673	addons.manager	DEBUG	Calling shutdown blocker for LightweightThemeManager
1529871570674	addons.manager	DEBUG	Calling shutdown blocker for GMPProvider
1529871570677	addons.manager	DEBUG	Calling shutdown blocker for PluginProvider
1529871570678	addons.manager	DEBUG	Calling shutdown blocker for &amp;lt;unnamed-provider&amp;gt;
1529871570681	addons.manager	DEBUG	Calling shutdown blocker for PreviousExperimentProvider
1529871570684	addons.xpi	DEBUG	Notifying XPI shutdown observers
1529871570689	addons.manager	DEBUG	Async provider shutdown done

Build info: version: &amp;apos;2.53.1&amp;apos;, revision: &amp;apos;a36b8b1&amp;apos;, time: &amp;apos;2016-06-30 17:32:46&amp;apos;
System info: host: &amp;apos;user&amp;apos;, ip: &amp;apos;172.20.10.4&amp;apos;, os.name: &amp;apos;Windows 8&amp;apos;, os.arch: &amp;apos;amd64&amp;apos;, os.version: &amp;apos;6.2&amp;apos;, java.version: &amp;apos;1.8.0_171&amp;apos;
Driver info: driver.version: FirefoxDriver">
      <![CDATA[org.openqa.selenium.WebDriverException: Failed to connect to binary FirefoxBinary(C:\Program Files\Mozilla Firefox\firefox.exe) on port 7055; process output follows: 
hanges
1529871561314	addons.xpi	DEBUG	Updating database with changes to installed add-ons
1529871561314	addons.xpi-utils	DEBUG	Updating add-on states
1529871561315	addons.xpi-utils	DEBUG	Writing add-ons list
1529871561319	addons.xpi	DEBUG	Registering manifest for C:\Program Files\Mozilla Firefox\browser\features\e10srollout@mozilla.org.xpi
1529871561320	addons.xpi	DEBUG	Calling bootstrap method startup on e10srollout@mozilla.org version 1.0
1529871561320	addons.xpi	DEBUG	Registering manifest for C:\Program Files\Mozilla Firefox\browser\features\firefox@getpocket.com.xpi
1529871561321	addons.xpi	DEBUG	Calling bootstrap method startup on firefox@getpocket.com version 1.0.4
1529871561322	addons.xpi	DEBUG	Registering manifest for C:\Program Files\Mozilla Firefox\browser\features\loop@mozilla.org.xpi
1529871561323	addons.xpi	DEBUG	Calling bootstrap method startup on loop@mozilla.org version 1.4.3
1529871561351	addons.manager	DEBUG	Registering shutdown blocker for XPIProvider
1529871561352	addons.manager	DEBUG	Provider finished startup: XPIProvider
1529871561352	addons.manager	DEBUG	Starting provider: LightweightThemeManager
1529871561352	addons.manager	DEBUG	Registering shutdown blocker for LightweightThemeManager
1529871561352	addons.manager	DEBUG	Provider finished startup: LightweightThemeManager
1529871561353	addons.manager	DEBUG	Starting provider: GMPProvider
1529871561362	addons.manager	DEBUG	Registering shutdown blocker for GMPProvider
1529871561362	addons.manager	DEBUG	Provider finished startup: GMPProvider
1529871561362	addons.manager	DEBUG	Starting provider: PluginProvider
1529871561363	addons.manager	DEBUG	Registering shutdown blocker for PluginProvider
1529871561363	addons.manager	DEBUG	Provider finished startup: PluginProvider
1529871561364	addons.manager	DEBUG	Completed startup sequence
1529871562971	addons.manager	DEBUG	Starting provider: <unnamed-provider>
1529871562971	addons.manager	DEBUG	Registering shutdown blocker for <unnamed-provider>
1529871562972	addons.manager	DEBUG	Provider finished startup: <unnamed-provider>
1529871563452	DeferredSave.extensions.json	DEBUG	Write succeeded
1529871563452	addons.xpi-utils	DEBUG	XPI Database saved, setting schema version preference to 17
1529871563452	DeferredSave.extensions.json	DEBUG	Starting timer
1529871563499	DeferredSave.extensions.json	DEBUG	Starting write
1529871563523	addons.repository	DEBUG	No addons.json found.
1529871563524	DeferredSave.addons.json	DEBUG	Save changes
1529871563528	DeferredSave.addons.json	DEBUG	Starting timer
1529871563561	addons.manager	DEBUG	Starting provider: PreviousExperimentProvider
1529871563561	addons.manager	DEBUG	Registering shutdown blocker for PreviousExperimentProvider
1529871563561	addons.manager	DEBUG	Provider finished startup: PreviousExperimentProvider
1529871563570	DeferredSave.extensions.json	DEBUG	Write succeeded
1529871563591	DeferredSave.addons.json	DEBUG	Starting write
1529871563620	DeferredSave.addons.json	DEBUG	Write succeeded
1529871570145	addons.xpi	DEBUG	Calling bootstrap method shutdown on e10srollout@mozilla.org version 1.0
1529871570145	addons.xpi	DEBUG	Calling bootstrap method shutdown on firefox@getpocket.com version 1.0.4
1529871570146	addons.xpi	DEBUG	Calling bootstrap method shutdown on loop@mozilla.org version 1.4.3
1529871570671	addons.manager	DEBUG	shutdown
1529871570671	addons.manager	DEBUG	Calling shutdown blocker for XPIProvider
1529871570672	addons.xpi	DEBUG	shutdown
1529871570672	addons.xpi-utils	DEBUG	shutdown
1529871570673	addons.manager	DEBUG	Calling shutdown blocker for LightweightThemeManager
1529871570674	addons.manager	DEBUG	Calling shutdown blocker for GMPProvider
1529871570677	addons.manager	DEBUG	Calling shutdown blocker for PluginProvider
1529871570678	addons.manager	DEBUG	Calling shutdown blocker for <unnamed-provider>
1529871570681	addons.manager	DEBUG	Calling shutdown blocker for PreviousExperimentProvider
1529871570684	addons.xpi	DEBUG	Notifying XPI shutdown observers
1529871570689	addons.manager	DEBUG	Async provider shutdown done

Build info: version: '2.53.1', revision: 'a36b8b1', time: '2016-06-30 17:32:46'
System info: host: 'user', ip: '172.20.10.4', os.name: 'Windows 8', os.arch: 'amd64', os.version: '6.2', java.version: '1.8.0_171'
Driver info: driver.version: FirefoxDriver
	at org.openqa.selenium.firefox.internal.NewProfileExtensionConnection.start(NewProfileExtensionConnection.java:124)
	at org.openqa.selenium.firefox.FirefoxDriver.startClient(FirefoxDriver.java:271)
	at org.openqa.selenium.remote.RemoteWebDriver.<init>(RemoteWebDriver.java:119)
	at org.openqa.selenium.firefox.FirefoxDriver.<init>(FirefoxDriver.java:218)
	at org.openqa.selenium.firefox.FirefoxDriver.<init>(FirefoxDriver.java:211)
	at org.openqa.selenium.firefox.FirefoxDriver.<init>(FirefoxDriver.java:207)
	at org.openqa.selenium.firefox.FirefoxDriver.<init>(FirefoxDriver.java:120)
	at com.keximbanking.custlogin.Reprository.launch(Reprository.java:66)
	at com.keximbanking.custlogin.TestExecution.verify_launch(TestExecution.java:23)
	at java.util.concurrent.FutureTask.run(Unknown Source)
	at java.util.concurrent.ThreadPoolExecutor.runWorker(Unknown Source)
	at java.util.concurrent.ThreadPoolExecutor$Worker.run(Unknown Source)
	at java.lang.Thread.run(Unknown Source)
Caused by: org.openqa.selenium.firefox.NotConnectedException: Unable to connect to host 127.0.0.1 on port 7055 after 45000 ms. Firefox console output:
hanges
1529871561314	addons.xpi	DEBUG	Updating database with changes to installed add-ons
1529871561314	addons.xpi-utils	DEBUG	Updating add-on states
1529871561315	addons.xpi-utils	DEBUG	Writing add-ons list
1529871561319	addons.xpi	DEBUG	Registering manifest for C:\Program Files\Mozilla Firefox\browser\features\e10srollout@mozilla.org.xpi
1529871561320	addons.xpi	DEBUG	Calling bootstrap method startup on e10srollout@mozilla.org version 1.0
1529871561320	addons.xpi	DEBUG	Registering manifest for C:\Program Files\Mozilla Firefox\browser\features\firefox@getpocket.com.xpi
1529871561321	addons.xpi	DEBUG	Calling bootstrap method startup on firefox@getpocket.com version 1.0.4
1529871561322	addons.xpi	DEBUG	Registering manifest for C:\Program Files\Mozilla Firefox\browser\features\loop@mozilla.org.xpi
1529871561323	addons.xpi	DEBUG	Calling bootstrap method startup on loop@mozilla.org version 1.4.3
1529871561351	addons.manager	DEBUG	Registering shutdown blocker for XPIProvider
1529871561352	addons.manager	DEBUG	Provider finished startup: XPIProvider
1529871561352	addons.manager	DEBUG	Starting provider: LightweightThemeManager
1529871561352	addons.manager	DEBUG	Registering shutdown blocker for LightweightThemeManager
1529871561352	addons.manager	DEBUG	Provider finished startup: LightweightThemeManager
1529871561353	addons.manager	DEBUG	Starting provider: GMPProvider
1529871561362	addons.manager	DEBUG	Registering shutdown blocker for GMPProvider
1529871561362	addons.manager	DEBUG	Provider finished startup: GMPProvider
1529871561362	addons.manager	DEBUG	Starting provider: PluginProvider
1529871561363	addons.manager	DEBUG	Registering shutdown blocker for PluginProvider
1529871561363	addons.manager	DEBUG	Provider finished startup: PluginProvider
1529871561364	addons.manager	DEBUG	Completed startup sequence
1529871562971	addons.manager	DEBUG	Starting provider: <unnamed-provider>
1529871562971	addons.manager	DEBUG	Registering shutdown blocker for <unnamed-provider>
1529871562972	addons.manager	DEBUG	Provider finished startup: <unnamed-provider>
1529871563452	DeferredSave.extensions.json	DEBUG	Write succeeded
1529871563452	addons.xpi-utils	DEBUG	XPI Database saved, setting schema version preference to 17
1529871563452	DeferredSave.extensions.json	DEBUG	Starting timer
1529871563499	DeferredSave.extensions.json	DEBUG	Starting write
1529871563523	addons.repository	DEBUG	No addons.json found.
1529871563524	DeferredSave.addons.json	DEBUG	Save changes
1529871563528	DeferredSave.addons.json	DEBUG	Starting timer
1529871563561	addons.manager	DEBUG	Starting provider: PreviousExperimentProvider
1529871563561	addons.manager	DEBUG	Registering shutdown blocker for PreviousExperimentProvider
1529871563561	addons.manager	DEBUG	Provider finished startup: PreviousExperimentProvider
1529871563570	DeferredSave.extensions.json	DEBUG	Write succeeded
1529871563591	DeferredSave.addons.json	DEBUG	Starting write
1529871563620	DeferredSave.addons.json	DEBUG	Write succeeded
1529871570145	addons.xpi	DEBUG	Calling bootstrap method shutdown on e10srollout@mozilla.org version 1.0
1529871570145	addons.xpi	DEBUG	Calling bootstrap method shutdown on firefox@getpocket.com version 1.0.4
1529871570146	addons.xpi	DEBUG	Calling bootstrap method shutdown on loop@mozilla.org version 1.4.3
1529871570671	addons.manager	DEBUG	shutdown
1529871570671	addons.manager	DEBUG	Calling shutdown blocker for XPIProvider
1529871570672	addons.xpi	DEBUG	shutdown
1529871570672	addons.xpi-utils	DEBUG	shutdown
1529871570673	addons.manager	DEBUG	Calling shutdown blocker for LightweightThemeManager
1529871570674	addons.manager	DEBUG	Calling shutdown blocker for GMPProvider
1529871570677	addons.manager	DEBUG	Calling shutdown blocker for PluginProvider
1529871570678	addons.manager	DEBUG	Calling shutdown blocker for <unnamed-provider>
1529871570681	addons.manager	DEBUG	Calling shutdown blocker for PreviousExperimentProvider
1529871570684	addons.xpi	DEBUG	Notifying XPI shutdown observers
1529871570689	addons.manager	DEBUG	Async provider shutdown done

	at org.openqa.selenium.firefox.internal.NewProfileExtensionConnection.start(NewProfileExtensionConnection.java:112)
	... 26 more
... Removed 14 stack frames]]>
    </failure>
  </testcase> <!-- @BeforeTest verify_launch -->
  <testcase name="verify_login" time="0.002" classname="com.keximbanking.custlogin.TestExecution">
    <skipped/>
  </testcase> <!-- verify_login -->
</testsuite> <!-- chromeTest -->
