<?xml version="1.0" encoding="UTF-8"?>
<testsuite xmlns:xsi="http://www.w3.org/2001/XMLSchema-instance" xsi:schemaLocation="https://maven.apache.org/surefire/maven-surefire-plugin/xsd/surefire-test-report.xsd" name="TestSuite" time="48.864" tests="4" errors="0" skipped="2" failures="2">
  <properties>
[...]
</properties>
  <testcase name="verify_launch" classname="com.keximbanking.custlogin.TestExecution" time="47.056">
    <failure message="Unable to bind to locking port 7054 within 45000 ms&#10;Build info: version: &apos;2.53.1&apos;, revision: &apos;a36b8b1cd5757287168e54b817830adce9b0158d&apos;, time: &apos;2016-06-30 19:26:09&apos;&#10;System info: host: &apos;user&apos;, ip: &apos;172.20.10.4&apos;, os.name: &apos;Windows 8&apos;, os.arch: &apos;amd64&apos;, os.version: &apos;6.2&apos;, java.version: &apos;1.8.0_171&apos;&#10;Driver info: driver.version: FirefoxDriver" type="org.openqa.selenium.WebDriverException">org.openqa.selenium.WebDriverException: 
Unable to bind to locking port 7054 within 45000 ms
Build info: version: '2.53.1', revision: 'a36b8b1cd5757287168e54b817830adce9b0158d', time: '2016-06-30 19:26:09'
System info: host: 'user', ip: '172.20.10.4', os.name: 'Windows 8', os.arch: 'amd64', os.version: '6.2', java.version: '1.8.0_171'
Driver info: driver.version: FirefoxDriver
	at com.keximbanking.custlogin.TestExecution.verify_launch(TestExecution.java:23)
</failure>
  </testcase>
  <testcase name="verify_launch" classname="com.keximbanking.custlogin.TestExecution" time="1.68">
    <failure message="Failed to connect to binary FirefoxBinary(C:\Program Files\Mozilla Firefox\firefox.exe) on port 7055; process output follows: &#10;-7e08-4474-a285-3208198ce6fd}&quot;,&quot;syncGUID&quot;:&quot;z2qf8qQVi4WR&quot;,&quot;location&quot;:&quot;app-global&quot;,&quot;version&quot;:&quot;48.0&quot;,&quot;type&quot;:&quot;theme&quot;,&quot;internalName&quot;:&quot;classic/1.0&quot;,&quot;updateURL&quot;:null,&quot;updateKey&quot;:null,&quot;optionsURL&quot;:null,&quot;optionsType&quot;:null,&quot;aboutURL&quot;:null,&quot;icons&quot;:{&quot;32&quot;:&quot;icon.png&quot;,&quot;48&quot;:&quot;icon.png&quot;},&quot;iconURL&quot;:null,&quot;icon64URL&quot;:null,&quot;defaultLocale&quot;:{&quot;name&quot;:&quot;Default&quot;,&quot;description&quot;:&quot;The default theme.&quot;,&quot;creator&quot;:&quot;Mozilla&quot;,&quot;homepageURL&quot;:null,&quot;contributors&quot;:[&quot;Mozilla Contributors&quot;]},&quot;visible&quot;:true,&quot;active&quot;:true,&quot;userDisabled&quot;:false,&quot;appDisabled&quot;:false,&quot;descriptor&quot;:&quot;C:\\Program Files\\Mozilla Firefox\\browser\\extensions\\{972ce4c6-7e08-4474-a285-3208198ce6fd}.xpi&quot;,&quot;installDate&quot;:1469558821000,&quot;updateDate&quot;:1469558821000,&quot;applyBackgroundUpdates&quot;:1,&quot;skinnable&quot;:true,&quot;size&quot;:21899,&quot;sourceURI&quot;:null,&quot;releaseNotesURI&quot;:null,&quot;softDisabled&quot;:false,&quot;foreignInstall&quot;:false,&quot;hasBinaryComponents&quot;:false,&quot;strictCompatibility&quot;:true,&quot;locales&quot;:[],&quot;targetApplications&quot;:[{&quot;id&quot;:&quot;{ec8030f7-c20a-464f-9b0e-13a3a9e97384}&quot;,&quot;minVersion&quot;:&quot;48.0&quot;,&quot;maxVersion&quot;:&quot;48.0&quot;}],&quot;targetPlatforms&quot;:[],&quot;seen&quot;:true}&#10;1529917612377	addons.xpi	DEBUG	getModTime: Recursive scan of {972ce4c6-7e08-4474-a285-3208198ce6fd}&#10;1529917612378	DeferredSave.extensions.json	DEBUG	Save changes&#10;1529917612378	addons.xpi	DEBUG	Updating database with changes to installed add-ons&#10;1529917612379	addons.xpi-utils	DEBUG	Updating add-on states&#10;1529917612379	addons.xpi-utils	DEBUG	Writing add-ons list&#10;1529917612382	addons.xpi	DEBUG	Registering manifest for C:\Program Files\Mozilla Firefox\browser\features\e10srollout@mozilla.org.xpi&#10;1529917612383	addons.xpi	DEBUG	Calling bootstrap method startup on e10srollout@mozilla.org version 1.0&#10;1529917612383	addons.xpi	DEBUG	Registering manifest for C:\Program Files\Mozilla Firefox\browser\features\firefox@getpocket.com.xpi&#10;1529917612383	addons.xpi	DEBUG	Calling bootstrap method startup on firefox@getpocket.com version 1.0.4&#10;1529917612384	addons.xpi	DEBUG	Registering manifest for C:\Program Files\Mozilla Firefox\browser\features\loop@mozilla.org.xpi&#10;1529917612385	addons.xpi	DEBUG	Calling bootstrap method startup on loop@mozilla.org version 1.4.3&#10;1529917612405	addons.manager	DEBUG	Registering shutdown blocker for XPIProvider&#10;1529917612405	addons.manager	DEBUG	Provider finished startup: XPIProvider&#10;1529917612405	addons.manager	DEBUG	Starting provider: LightweightThemeManager&#10;1529917612405	addons.manager	DEBUG	Registering shutdown blocker for LightweightThemeManager&#10;1529917612406	addons.manager	DEBUG	Provider finished startup: LightweightThemeManager&#10;1529917612406	addons.manager	DEBUG	Starting provider: GMPProvider&#10;1529917612413	addons.manager	DEBUG	Registering shutdown blocker for GMPProvider&#10;1529917612413	addons.manager	DEBUG	Provider finished startup: GMPProvider&#10;1529917612413	addons.manager	DEBUG	Starting provider: PluginProvider&#10;1529917612413	addons.manager	DEBUG	Registering shutdown blocker for PluginProvider&#10;1529917612414	addons.manager	DEBUG	Provider finished startup: PluginProvider&#10;1529917612414	addons.manager	DEBUG	Completed startup sequence&#10;1529917614120	addons.manager	DEBUG	Starting provider: &lt;unnamed-provider&gt;&#10;1529917614120	addons.manager	DEBUG	Registering shutdown blocker for &lt;unnamed-provider&gt;&#10;1529917614120	addons.manager	DEBUG	Provider finished startup: &lt;unnamed-provider&gt;&#10;1529917614122	DeferredSave.extensions.json	DEBUG	Starting write&#10;1529917614335	addons.repository	DEBUG	No addons.json found.&#10;1529917614336	DeferredSave.addons.json	DEBUG	Save changes&#10;1529917614358	DeferredSave.addons.json	DEBUG	Starting timer&#10;1529917614398	addons.manager	DEBUG	Starting provider: PreviousExperimentProvider&#10;1529917614398	addons.manager	DEBUG	Registering shutdown blocker for PreviousExperimentProvider&#10;1529917614398	addons.manager	DEBUG	Provider finished startup: PreviousExperimentProvider&#10;1529917614401	DeferredSave.extensions.json	DEBUG	Write succeeded&#10;1529917614402	addons.xpi-utils	DEBUG	XPI Database saved, setting schema version preference to 17&#10;1529917614411	DeferredSave.addons.json	DEBUG	Starting write&#10;1529917614538	DeferredSave.addons.json	DEBUG	Write succeeded&#10;&#10;Build info: version: &apos;2.53.1&apos;, revision: &apos;a36b8b1cd5757287168e54b817830adce9b0158d&apos;, time: &apos;2016-06-30 19:26:09&apos;&#10;System info: host: &apos;user&apos;, ip: &apos;172.20.10.4&apos;, os.name: &apos;Windows 8&apos;, os.arch: &apos;amd64&apos;, os.version: &apos;6.2&apos;, java.version: &apos;1.8.0_171&apos;&#10;Driver info: driver.version: FirefoxDriver" type="org.openqa.selenium.WebDriverException"><![CDATA[org.openqa.selenium.WebDriverException: 
Failed to connect to binary FirefoxBinary(C:\Program Files\Mozilla Firefox\firefox.exe) on port 7055; process output follows: 
-7e08-4474-a285-3208198ce6fd}","syncGUID":"z2qf8qQVi4WR","location":"app-global","version":"48.0","type":"theme","internalName":"classic/1.0","updateURL":null,"updateKey":null,"optionsURL":null,"optionsType":null,"aboutURL":null,"icons":{"32":"icon.png","48":"icon.png"},"iconURL":null,"icon64URL":null,"defaultLocale":{"name":"Default","description":"The default theme.","creator":"Mozilla","homepageURL":null,"contributors":["Mozilla Contributors"]},"visible":true,"active":true,"userDisabled":false,"appDisabled":false,"descriptor":"C:\\Program Files\\Mozilla Firefox\\browser\\extensions\\{972ce4c6-7e08-4474-a285-3208198ce6fd}.xpi","installDate":1469558821000,"updateDate":1469558821000,"applyBackgroundUpdates":1,"skinnable":true,"size":21899,"sourceURI":null,"releaseNotesURI":null,"softDisabled":false,"foreignInstall":false,"hasBinaryComponents":false,"strictCompatibility":true,"locales":[],"targetApplications":[{"id":"{ec8030f7-c20a-464f-9b0e-13a3a9e97384}","minVersion":"48.0","maxVersion":"48.0"}],"targetPlatforms":[],"seen":true}
1529917612377	addons.xpi	DEBUG	getModTime: Recursive scan of {972ce4c6-7e08-4474-a285-3208198ce6fd}
1529917612378	DeferredSave.extensions.json	DEBUG	Save changes
1529917612378	addons.xpi	DEBUG	Updating database with changes to installed add-ons
1529917612379	addons.xpi-utils	DEBUG	Updating add-on states
1529917612379	addons.xpi-utils	DEBUG	Writing add-ons list
1529917612382	addons.xpi	DEBUG	Registering manifest for C:\Program Files\Mozilla Firefox\browser\features\e10srollout@mozilla.org.xpi
1529917612383	addons.xpi	DEBUG	Calling bootstrap method startup on e10srollout@mozilla.org version 1.0
1529917612383	addons.xpi	DEBUG	Registering manifest for C:\Program Files\Mozilla Firefox\browser\features\firefox@getpocket.com.xpi
1529917612383	addons.xpi	DEBUG	Calling bootstrap method startup on firefox@getpocket.com version 1.0.4
1529917612384	addons.xpi	DEBUG	Registering manifest for C:\Program Files\Mozilla Firefox\browser\features\loop@mozilla.org.xpi
1529917612385	addons.xpi	DEBUG	Calling bootstrap method startup on loop@mozilla.org version 1.4.3
1529917612405	addons.manager	DEBUG	Registering shutdown blocker for XPIProvider
1529917612405	addons.manager	DEBUG	Provider finished startup: XPIProvider
1529917612405	addons.manager	DEBUG	Starting provider: LightweightThemeManager
1529917612405	addons.manager	DEBUG	Registering shutdown blocker for LightweightThemeManager
1529917612406	addons.manager	DEBUG	Provider finished startup: LightweightThemeManager
1529917612406	addons.manager	DEBUG	Starting provider: GMPProvider
1529917612413	addons.manager	DEBUG	Registering shutdown blocker for GMPProvider
1529917612413	addons.manager	DEBUG	Provider finished startup: GMPProvider
1529917612413	addons.manager	DEBUG	Starting provider: PluginProvider
1529917612413	addons.manager	DEBUG	Registering shutdown blocker for PluginProvider
1529917612414	addons.manager	DEBUG	Provider finished startup: PluginProvider
1529917612414	addons.manager	DEBUG	Completed startup sequence
1529917614120	addons.manager	DEBUG	Starting provider: <unnamed-provider>
1529917614120	addons.manager	DEBUG	Registering shutdown blocker for <unnamed-provider>
1529917614120	addons.manager	DEBUG	Provider finished startup: <unnamed-provider>
1529917614122	DeferredSave.extensions.json	DEBUG	Starting write
1529917614335	addons.repository	DEBUG	No addons.json found.
1529917614336	DeferredSave.addons.json	DEBUG	Save changes
1529917614358	DeferredSave.addons.json	DEBUG	Starting timer
1529917614398	addons.manager	DEBUG	Starting provider: PreviousExperimentProvider
1529917614398	addons.manager	DEBUG	Registering shutdown blocker for PreviousExperimentProvider
1529917614398	addons.manager	DEBUG	Provider finished startup: PreviousExperimentProvider
1529917614401	DeferredSave.extensions.json	DEBUG	Write succeeded
1529917614402	addons.xpi-utils	DEBUG	XPI Database saved, setting schema version preference to 17
1529917614411	DeferredSave.addons.json	DEBUG	Starting write
1529917614538	DeferredSave.addons.json	DEBUG	Write succeeded

Build info: version: '2.53.1', revision: 'a36b8b1cd5757287168e54b817830adce9b0158d', time: '2016-06-30 19:26:09'
System info: host: 'user', ip: '172.20.10.4', os.name: 'Windows 8', os.arch: 'amd64', os.version: '6.2', java.version: '1.8.0_171'
Driver info: driver.version: FirefoxDriver
	at com.keximbanking.custlogin.TestExecution.verify_launch(TestExecution.java:23)
Caused by: org.openqa.selenium.firefox.NotConnectedException: 
Unable to connect to host 127.0.0.1 on port 7055 after 45000 ms. Firefox console output:
-7e08-4474-a285-3208198ce6fd}","syncGUID":"z2qf8qQVi4WR","location":"app-global","version":"48.0","type":"theme","internalName":"classic/1.0","updateURL":null,"updateKey":null,"optionsURL":null,"optionsType":null,"aboutURL":null,"icons":{"32":"icon.png","48":"icon.png"},"iconURL":null,"icon64URL":null,"defaultLocale":{"name":"Default","description":"The default theme.","creator":"Mozilla","homepageURL":null,"contributors":["Mozilla Contributors"]},"visible":true,"active":true,"userDisabled":false,"appDisabled":false,"descriptor":"C:\\Program Files\\Mozilla Firefox\\browser\\extensions\\{972ce4c6-7e08-4474-a285-3208198ce6fd}.xpi","installDate":1469558821000,"updateDate":1469558821000,"applyBackgroundUpdates":1,"skinnable":true,"size":21899,"sourceURI":null,"releaseNotesURI":null,"softDisabled":false,"foreignInstall":false,"hasBinaryComponents":false,"strictCompatibility":true,"locales":[],"targetApplications":[{"id":"{ec8030f7-c20a-464f-9b0e-13a3a9e97384}","minVersion":"48.0","maxVersion":"48.0"}],"targetPlatforms":[],"seen":true}
1529917612377	addons.xpi	DEBUG	getModTime: Recursive scan of {972ce4c6-7e08-4474-a285-3208198ce6fd}
1529917612378	DeferredSave.extensions.json	DEBUG	Save changes
1529917612378	addons.xpi	DEBUG	Updating database with changes to installed add-ons
1529917612379	addons.xpi-utils	DEBUG	Updating add-on states
1529917612379	addons.xpi-utils	DEBUG	Writing add-ons list
1529917612382	addons.xpi	DEBUG	Registering manifest for C:\Program Files\Mozilla Firefox\browser\features\e10srollout@mozilla.org.xpi
1529917612383	addons.xpi	DEBUG	Calling bootstrap method startup on e10srollout@mozilla.org version 1.0
1529917612383	addons.xpi	DEBUG	Registering manifest for C:\Program Files\Mozilla Firefox\browser\features\firefox@getpocket.com.xpi
1529917612383	addons.xpi	DEBUG	Calling bootstrap method startup on firefox@getpocket.com version 1.0.4
1529917612384	addons.xpi	DEBUG	Registering manifest for C:\Program Files\Mozilla Firefox\browser\features\loop@mozilla.org.xpi
1529917612385	addons.xpi	DEBUG	Calling bootstrap method startup on loop@mozilla.org version 1.4.3
1529917612405	addons.manager	DEBUG	Registering shutdown blocker for XPIProvider
1529917612405	addons.manager	DEBUG	Provider finished startup: XPIProvider
1529917612405	addons.manager	DEBUG	Starting provider: LightweightThemeManager
1529917612405	addons.manager	DEBUG	Registering shutdown blocker for LightweightThemeManager
1529917612406	addons.manager	DEBUG	Provider finished startup: LightweightThemeManager
1529917612406	addons.manager	DEBUG	Starting provider: GMPProvider
1529917612413	addons.manager	DEBUG	Registering shutdown blocker for GMPProvider
1529917612413	addons.manager	DEBUG	Provider finished startup: GMPProvider
1529917612413	addons.manager	DEBUG	Starting provider: PluginProvider
1529917612413	addons.manager	DEBUG	Registering shutdown blocker for PluginProvider
1529917612414	addons.manager	DEBUG	Provider finished startup: PluginProvider
1529917612414	addons.manager	DEBUG	Completed startup sequence
1529917614120	addons.manager	DEBUG	Starting provider: <unnamed-provider>
1529917614120	addons.manager	DEBUG	Registering shutdown blocker for <unnamed-provider>
1529917614120	addons.manager	DEBUG	Provider finished startup: <unnamed-provider>
1529917614122	DeferredSave.extensions.json	DEBUG	Starting write
1529917614335	addons.repository	DEBUG	No addons.json found.
1529917614336	DeferredSave.addons.json	DEBUG	Save changes
1529917614358	DeferredSave.addons.json	DEBUG	Starting timer
1529917614398	addons.manager	DEBUG	Starting provider: PreviousExperimentProvider
1529917614398	addons.manager	DEBUG	Registering shutdown blocker for PreviousExperimentProvider
1529917614398	addons.manager	DEBUG	Provider finished startup: PreviousExperimentProvider
1529917614401	DeferredSave.extensions.json	DEBUG	Write succeeded
1529917614402	addons.xpi-utils	DEBUG	XPI Database saved, setting schema version preference to 17
1529917614411	DeferredSave.addons.json	DEBUG	Starting write
1529917614538	DeferredSave.addons.json	DEBUG	Write succeeded

	at com.keximbanking.custlogin.TestExecution.verify_launch(TestExecution.java:23)
]]></failure>
    <system-err><![CDATA[org.openqa.selenium.firefox.NotConnectedException: Unable to connect to host 127.0.0.1 on port 7055 after 45000 ms. Firefox console output:
-7e08-4474-a285-3208198ce6fd}","syncGUID":"z2qf8qQVi4WR","location":"app-global","version":"48.0","type":"theme","internalName":"classic/1.0","updateURL":null,"updateKey":null,"optionsURL":null,"optionsType":null,"aboutURL":null,"icons":{"32":"icon.png","48":"icon.png"},"iconURL":null,"icon64URL":null,"defaultLocale":{"name":"Default","description":"The default theme.","creator":"Mozilla","homepageURL":null,"contributors":["Mozilla Contributors"]},"visible":true,"active":true,"userDisabled":false,"appDisabled":false,"descriptor":"C:\\Program Files\\Mozilla Firefox\\browser\\extensions\\{972ce4c6-7e08-4474-a285-3208198ce6fd}.xpi","installDate":1469558821000,"updateDate":1469558821000,"applyBackgroundUpdates":1,"skinnable":true,"size":21899,"sourceURI":null,"releaseNotesURI":null,"softDisabled":false,"foreignInstall":false,"hasBinaryComponents":false,"strictCompatibility":true,"locales":[],"targetApplications":[{"id":"{ec8030f7-c20a-464f-9b0e-13a3a9e97384}","minVersion":"48.0","maxVersion":"48.0"}],"targetPlatforms":[],"seen":true}
1529917612377	addons.xpi	DEBUG	getModTime: Recursive scan of {972ce4c6-7e08-4474-a285-3208198ce6fd}
1529917612378	DeferredSave.extensions.json	DEBUG	Save changes
1529917612378	addons.xpi	DEBUG	Updating database with changes to installed add-ons
1529917612379	addons.xpi-utils	DEBUG	Updating add-on states
1529917612379	addons.xpi-utils	DEBUG	Writing add-ons list
1529917612382	addons.xpi	DEBUG	Registering manifest for C:\Program Files\Mozilla Firefox\browser\features\e10srollout@mozilla.org.xpi
1529917612383	addons.xpi	DEBUG	Calling bootstrap method startup on e10srollout@mozilla.org version 1.0
1529917612383	addons.xpi	DEBUG	Registering manifest for C:\Program Files\Mozilla Firefox\browser\features\firefox@getpocket.com.xpi
1529917612383	addons.xpi	DEBUG	Calling bootstrap method startup on firefox@getpocket.com version 1.0.4
1529917612384	addons.xpi	DEBUG	Registering manifest for C:\Program Files\Mozilla Firefox\browser\features\loop@mozilla.org.xpi
1529917612385	addons.xpi	DEBUG	Calling bootstrap method startup on loop@mozilla.org version 1.4.3
1529917612405	addons.manager	DEBUG	Registering shutdown blocker for XPIProvider
1529917612405	addons.manager	DEBUG	Provider finished startup: XPIProvider
1529917612405	addons.manager	DEBUG	Starting provider: LightweightThemeManager
1529917612405	addons.manager	DEBUG	Registering shutdown blocker for LightweightThemeManager
1529917612406	addons.manager	DEBUG	Provider finished startup: LightweightThemeManager
1529917612406	addons.manager	DEBUG	Starting provider: GMPProvider
1529917612413	addons.manager	DEBUG	Registering shutdown blocker for GMPProvider
1529917612413	addons.manager	DEBUG	Provider finished startup: GMPProvider
1529917612413	addons.manager	DEBUG	Starting provider: PluginProvider
1529917612413	addons.manager	DEBUG	Registering shutdown blocker for PluginProvider
1529917612414	addons.manager	DEBUG	Provider finished startup: PluginProvider
1529917612414	addons.manager	DEBUG	Completed startup sequence
1529917614120	addons.manager	DEBUG	Starting provider: <unnamed-provider>
1529917614120	addons.manager	DEBUG	Registering shutdown blocker for <unnamed-provider>
1529917614120	addons.manager	DEBUG	Provider finished startup: <unnamed-provider>
1529917614122	DeferredSave.extensions.json	DEBUG	Starting write
1529917614335	addons.repository	DEBUG	No addons.json found.
1529917614336	DeferredSave.addons.json	DEBUG	Save changes
1529917614358	DeferredSave.addons.json	DEBUG	Starting timer
1529917614398	addons.manager	DEBUG	Starting provider: PreviousExperimentProvider
1529917614398	addons.manager	DEBUG	Registering shutdown blocker for PreviousExperimentProvider
1529917614398	addons.manager	DEBUG	Provider finished startup: PreviousExperimentProvider
1529917614401	DeferredSave.extensions.json	DEBUG	Write succeeded
1529917614402	addons.xpi-utils	DEBUG	XPI Database saved, setting schema version preference to 17
1529917614411	DeferredSave.addons.json	DEBUG	Starting write
1529917614538	DeferredSave.addons.json	DEBUG	Write succeeded

	at org.openqa.selenium.firefox.internal.NewProfileExtensionConnection.start(NewProfileExtensionConnection.java:113)
	at org.openqa.selenium.firefox.FirefoxDriver.startClient(FirefoxDriver.java:271)
	at org.openqa.selenium.remote.RemoteWebDriver.<init>(RemoteWebDriver.java:119)
	at org.openqa.selenium.firefox.FirefoxDriver.<init>(FirefoxDriver.java:216)
	at org.openqa.selenium.firefox.FirefoxDriver.<init>(FirefoxDriver.java:211)
	at org.openqa.selenium.firefox.FirefoxDriver.<init>(FirefoxDriver.java:207)
	at org.openqa.selenium.firefox.FirefoxDriver.<init>(FirefoxDriver.java:120)
	at com.keximbanking.custlogin.Reprository.launch(Reprository.java:66)
	at com.keximbanking.custlogin.TestExecution.verify_launch(TestExecution.java:23)
	at sun.reflect.NativeMethodAccessorImpl.invoke0(Native Method)
	at sun.reflect.NativeMethodAccessorImpl.invoke(Unknown Source)
	at sun.reflect.DelegatingMethodAccessorImpl.invoke(Unknown Source)
	at java.lang.reflect.Method.invoke(Unknown Source)
	at org.testng.internal.MethodInvocationHelper.invokeMethod(MethodInvocationHelper.java:100)
	at org.testng.internal.Invoker.invokeConfigurationMethod(Invoker.java:515)
	at org.testng.internal.Invoker.invokeConfigurations(Invoker.java:216)
	at org.testng.internal.Invoker.invokeConfigurations(Invoker.java:143)
	at org.testng.TestRunner.beforeRun(TestRunner.java:627)
	at org.testng.TestRunner.run(TestRunner.java:595)
	at org.testng.SuiteRunner.runTest(SuiteRunner.java:368)
	at org.testng.SuiteRunner.access$000(SuiteRunner.java:39)
	at org.testng.SuiteRunner$SuiteWorker.run(SuiteRunner.java:402)
	at org.testng.internal.thread.ThreadUtil$2.call(ThreadUtil.java:64)
	at java.util.concurrent.FutureTask.run(Unknown Source)
	at java.util.concurrent.ThreadPoolExecutor.runWorker(Unknown Source)
	at java.util.concurrent.ThreadPoolExecutor$Worker.run(Unknown Source)
	at java.lang.Thread.run(Unknown Source)
]]></system-err>
  </testcase>
  <testcase name="verify_login" classname="com.keximbanking.custlogin.TestExecution" time="0">
    <skipped/>
  </testcase>
  <testcase name="verify_login" classname="com.keximbanking.custlogin.TestExecution" time="0">
    <skipped/>
  </testcase>
</testsuite>