<?xml version="1.0" encoding="UTF-8"?>
<!-- Generated by org.testng.reporters.JUnitXMLReporter -->
<testsuite hostname="user" name="FirefoxTest" tests="1" failures="0" timestamp="25 Jun 2018 09:07:37 GMT" time="48.351" errors="0">
  <testcase name="@BeforeTest verify_launch" time="0.0" classname="com.keximbanking.custlogin.TestExecution">
    <failure type="org.openqa.selenium.WebDriverException" message="Unable to bind to locking port 7054 within 45000 ms
Build info: version: &amp;apos;2.53.1&amp;apos;, revision: &amp;apos;a36b8b1cd5757287168e54b817830adce9b0158d&amp;apos;, time: &amp;apos;2016-06-30 19:26:09&amp;apos;
System info: host: &amp;apos;user&amp;apos;, ip: &amp;apos;172.20.10.4&amp;apos;, os.name: &amp;apos;Windows 8&amp;apos;, os.arch: &amp;apos;amd64&amp;apos;, os.version: &amp;apos;6.2&amp;apos;, java.version: &amp;apos;1.8.0_171&amp;apos;
Driver info: driver.version: FirefoxDriver">
      <![CDATA[org.openqa.selenium.WebDriverException: Unable to bind to locking port 7054 within 45000 ms
Build info: version: '2.53.1', revision: 'a36b8b1cd5757287168e54b817830adce9b0158d', time: '2016-06-30 19:26:09'
System info: host: 'user', ip: '172.20.10.4', os.name: 'Windows 8', os.arch: 'amd64', os.version: '6.2', java.version: '1.8.0_171'
Driver info: driver.version: FirefoxDriver
	at org.openqa.selenium.internal.SocketLock.lock(SocketLock.java:100)
	at org.openqa.selenium.firefox.internal.NewProfileExtensionConnection.start(NewProfileExtensionConnection.java:80)
	at org.openqa.selenium.firefox.FirefoxDriver.startClient(FirefoxDriver.java:271)
	at org.openqa.selenium.remote.RemoteWebDriver.<init>(RemoteWebDriver.java:119)
	at org.openqa.selenium.firefox.FirefoxDriver.<init>(FirefoxDriver.java:216)
	at org.openqa.selenium.firefox.FirefoxDriver.<init>(FirefoxDriver.java:211)
	at org.openqa.selenium.firefox.FirefoxDriver.<init>(FirefoxDriver.java:207)
	at org.openqa.selenium.firefox.FirefoxDriver.<init>(FirefoxDriver.java:120)
	at com.keximbanking.custlogin.Reprository.launch(Reprository.java:66)
	at com.keximbanking.custlogin.TestExecution.verify_launch(TestExecution.java:23)
	at java.util.concurrent.FutureTask.run(Unknown Source)
	at java.util.concurrent.ThreadPoolExecutor.runWorker(Unknown Source)
	at java.util.concurrent.ThreadPoolExecutor$Worker.run(Unknown Source)
	at java.lang.Thread.run(Unknown Source)
... Removed 14 stack frames]]>
    </failure>
  </testcase> <!-- @BeforeTest verify_launch -->
  <testcase name="@BeforeTest verify_launch" time="0.0" classname="com.keximbanking.custlogin.TestExecution">
    <failure type="org.openqa.selenium.WebDriverException" message="Failed to connect to binary FirefoxBinary(C:\Program Files\Mozilla Firefox\firefox.exe) on port 7055; process output follows: 
-7e08-4474-a285-3208198ce6fd}&amp;quot;,&amp;quot;syncGUID&amp;quot;:&amp;quot;z2qf8qQVi4WR&amp;quot;,&amp;quot;location&amp;quot;:&amp;quot;app-global&amp;quot;,&amp;quot;version&amp;quot;:&amp;quot;48.0&amp;quot;,&amp;quot;type&amp;quot;:&amp;quot;theme&amp;quot;,&amp;quot;internalName&amp;quot;:&amp;quot;classic/1.0&amp;quot;,&amp;quot;updateURL&amp;quot;:null,&amp;quot;updateKey&amp;quot;:null,&amp;quot;optionsURL&amp;quot;:null,&amp;quot;optionsType&amp;quot;:null,&amp;quot;aboutURL&amp;quot;:null,&amp;quot;icons&amp;quot;:{&amp;quot;32&amp;quot;:&amp;quot;icon.png&amp;quot;,&amp;quot;48&amp;quot;:&amp;quot;icon.png&amp;quot;},&amp;quot;iconURL&amp;quot;:null,&amp;quot;icon64URL&amp;quot;:null,&amp;quot;defaultLocale&amp;quot;:{&amp;quot;name&amp;quot;:&amp;quot;Default&amp;quot;,&amp;quot;description&amp;quot;:&amp;quot;The default theme.&amp;quot;,&amp;quot;creator&amp;quot;:&amp;quot;Mozilla&amp;quot;,&amp;quot;homepageURL&amp;quot;:null,&amp;quot;contributors&amp;quot;:[&amp;quot;Mozilla Contributors&amp;quot;]},&amp;quot;visible&amp;quot;:true,&amp;quot;active&amp;quot;:true,&amp;quot;userDisabled&amp;quot;:false,&amp;quot;appDisabled&amp;quot;:false,&amp;quot;descriptor&amp;quot;:&amp;quot;C:\\Program Files\\Mozilla Firefox\\browser\\extensions\\{972ce4c6-7e08-4474-a285-3208198ce6fd}.xpi&amp;quot;,&amp;quot;installDate&amp;quot;:1469558821000,&amp;quot;updateDate&amp;quot;:1469558821000,&amp;quot;applyBackgroundUpdates&amp;quot;:1,&amp;quot;skinnable&amp;quot;:true,&amp;quot;size&amp;quot;:21899,&amp;quot;sourceURI&amp;quot;:null,&amp;quot;releaseNotesURI&amp;quot;:null,&amp;quot;softDisabled&amp;quot;:false,&amp;quot;foreignInstall&amp;quot;:false,&amp;quot;hasBinaryComponents&amp;quot;:false,&amp;quot;strictCompatibility&amp;quot;:true,&amp;quot;locales&amp;quot;:[],&amp;quot;targetApplications&amp;quot;:[{&amp;quot;id&amp;quot;:&amp;quot;{ec8030f7-c20a-464f-9b0e-13a3a9e97384}&amp;quot;,&amp;quot;minVersion&amp;quot;:&amp;quot;48.0&amp;quot;,&amp;quot;maxVersion&amp;quot;:&amp;quot;48.0&amp;quot;}],&amp;quot;targetPlatforms&amp;quot;:[],&amp;quot;seen&amp;quot;:true}
1529917612377	addons.xpi	DEBUG	getModTime: Recursive scan of {972ce4c6-7e08-4474-a285-3208198ce6fd}
1529917612378	DeferredSave.extensions.json	DEBUG	Save changes
1529917612378	addons.xpi	DEBUG	Updating database with changes to installed add-ons
1529917612379	addons.xpi-utils	DEBUG	Updating add-on states
1529917612379	addons.xpi-utils	DEBUG	Writing add-ons list
1529917612382	addons.xpi	DEBUG	Registering manifest for C:\Program Files\Mozilla Firefox\browser\features\e10srollout@mozilla.org.xpi
1529917612383	addons.xpi	DEBUG	Calling bootstrap method startup on e10srollout@mozilla.org version 1.0
1529917612383	addons.xpi	DEBUG	Registering manifest for C:\Program Files\Mozilla Firefox\browser\features\firefox@getpocket.com.xpi
1529917612383	addons.xpi	DEBUG	Calling bootstrap method startup on firefox@getpocket.com version 1.0.4
1529917612384	addons.xpi	DEBUG	Registering manifest for C:\Program Files\Mozilla Firefox\browser\features\loop@mozilla.org.xpi
1529917612385	addons.xpi	DEBUG	Calling bootstrap method startup on loop@mozilla.org version 1.4.3
1529917612405	addons.manager	DEBUG	Registering shutdown blocker for XPIProvider
1529917612405	addons.manager	DEBUG	Provider finished startup: XPIProvider
1529917612405	addons.manager	DEBUG	Starting provider: LightweightThemeManager
1529917612405	addons.manager	DEBUG	Registering shutdown blocker for LightweightThemeManager
1529917612406	addons.manager	DEBUG	Provider finished startup: LightweightThemeManager
1529917612406	addons.manager	DEBUG	Starting provider: GMPProvider
1529917612413	addons.manager	DEBUG	Registering shutdown blocker for GMPProvider
1529917612413	addons.manager	DEBUG	Provider finished startup: GMPProvider
1529917612413	addons.manager	DEBUG	Starting provider: PluginProvider
1529917612413	addons.manager	DEBUG	Registering shutdown blocker for PluginProvider
1529917612414	addons.manager	DEBUG	Provider finished startup: PluginProvider
1529917612414	addons.manager	DEBUG	Completed startup sequence
1529917614120	addons.manager	DEBUG	Starting provider: &amp;lt;unnamed-provider&amp;gt;
1529917614120	addons.manager	DEBUG	Registering shutdown blocker for &amp;lt;unnamed-provider&amp;gt;
1529917614120	addons.manager	DEBUG	Provider finished startup: &amp;lt;unnamed-provider&amp;gt;
1529917614122	DeferredSave.extensions.json	DEBUG	Starting write
1529917614335	addons.repository	DEBUG	No addons.json found.
1529917614336	DeferredSave.addons.json	DEBUG	Save changes
1529917614358	DeferredSave.addons.json	DEBUG	Starting timer
1529917614398	addons.manager	DEBUG	Starting provider: PreviousExperimentProvider
1529917614398	addons.manager	DEBUG	Registering shutdown blocker for PreviousExperimentProvider
1529917614398	addons.manager	DEBUG	Provider finished startup: PreviousExperimentProvider
1529917614401	DeferredSave.extensions.json	DEBUG	Write succeeded
1529917614402	addons.xpi-utils	DEBUG	XPI Database saved, setting schema version preference to 17
1529917614411	DeferredSave.addons.json	DEBUG	Starting write
1529917614538	DeferredSave.addons.json	DEBUG	Write succeeded

Build info: version: &amp;apos;2.53.1&amp;apos;, revision: &amp;apos;a36b8b1cd5757287168e54b817830adce9b0158d&amp;apos;, time: &amp;apos;2016-06-30 19:26:09&amp;apos;
System info: host: &amp;apos;user&amp;apos;, ip: &amp;apos;172.20.10.4&amp;apos;, os.name: &amp;apos;Windows 8&amp;apos;, os.arch: &amp;apos;amd64&amp;apos;, os.version: &amp;apos;6.2&amp;apos;, java.version: &amp;apos;1.8.0_171&amp;apos;
Driver info: driver.version: FirefoxDriver">
      <![CDATA[org.openqa.selenium.WebDriverException: Failed to connect to binary FirefoxBinary(C:\Program Files\Mozilla Firefox\firefox.exe) on port 7055; process output follows: 
-7e08-4474-a285-3208198ce6fd}","syncGUID":"z2qf8qQVi4WR","location":"app-global","version":"48.0","type":"theme","internalName":"classic/1.0","updateURL":null,"updateKey":null,"optionsURL":null,"optionsType":null,"aboutURL":null,"icons":{"32":"icon.png","48":"icon.png"},"iconURL":null,"icon64URL":null,"defaultLocale":{"name":"Default","description":"The default theme.","creator":"Mozilla","homepageURL":null,"contributors":["Mozilla Contributors"]},"visible":true,"active":true,"userDisabled":false,"appDisabled":false,"descriptor":"C:\\Program Files\\Mozilla Firefox\\browser\\extensions\\{972ce4c6-7e08-4474-a285-3208198ce6fd}.xpi","installDate":1469558821000,"updateDate":1469558821000,"applyBackgroundUpdates":1,"skinnable":true,"size":21899,"sourceURI":null,"releaseNotesURI":null,"softDisabled":false,"foreignInstall":false,"hasBinaryComponents":false,"strictCompatibility":true,"locales":[],"targetApplications":[{"id":"{ec8030f7-c20a-464f-9b0e-13a3a9e97384}","minVersion":"48.0","maxVersion":"48.0"}],"targetPlatforms":[],"seen":true}
1529917612377	addons.xpi	DEBUG	getModTime: Recursive scan of {972ce4c6-7e08-4474-a285-3208198ce6fd}
1529917612378	DeferredSave.extensions.json	DEBUG	Save changes
1529917612378	addons.xpi	DEBUG	Updating database with changes to installed add-ons
1529917612379	addons.xpi-utils	DEBUG	Updating add-on states
1529917612379	addons.xpi-utils	DEBUG	Writing add-ons list
1529917612382	addons.xpi	DEBUG	Registering manifest for C:\Program Files\Mozilla Firefox\browser\features\e10srollout@mozilla.org.xpi
1529917612383	addons.xpi	DEBUG	Calling bootstrap method startup on e10srollout@mozilla.org version 1.0
1529917612383	addons.xpi	DEBUG	Registering manifest for C:\Program Files\Mozilla Firefox\browser\features\firefox@getpocket.com.xpi
1529917612383	addons.xpi	DEBUG	Calling bootstrap method startup on firefox@getpocket.com version 1.0.4
1529917612384	addons.xpi	DEBUG	Registering manifest for C:\Program Files\Mozilla Firefox\browser\features\loop@mozilla.org.xpi
1529917612385	addons.xpi	DEBUG	Calling bootstrap method startup on loop@mozilla.org version 1.4.3
1529917612405	addons.manager	DEBUG	Registering shutdown blocker for XPIProvider
1529917612405	addons.manager	DEBUG	Provider finished startup: XPIProvider
1529917612405	addons.manager	DEBUG	Starting provider: LightweightThemeManager
1529917612405	addons.manager	DEBUG	Registering shutdown blocker for LightweightThemeManager
1529917612406	addons.manager	DEBUG	Provider finished startup: LightweightThemeManager
1529917612406	addons.manager	DEBUG	Starting provider: GMPProvider
1529917612413	addons.manager	DEBUG	Registering shutdown blocker for GMPProvider
1529917612413	addons.manager	DEBUG	Provider finished startup: GMPProvider
1529917612413	addons.manager	DEBUG	Starting provider: PluginProvider
1529917612413	addons.manager	DEBUG	Registering shutdown blocker for PluginProvider
1529917612414	addons.manager	DEBUG	Provider finished startup: PluginProvider
1529917612414	addons.manager	DEBUG	Completed startup sequence
1529917614120	addons.manager	DEBUG	Starting provider: <unnamed-provider>
1529917614120	addons.manager	DEBUG	Registering shutdown blocker for <unnamed-provider>
1529917614120	addons.manager	DEBUG	Provider finished startup: <unnamed-provider>
1529917614122	DeferredSave.extensions.json	DEBUG	Starting write
1529917614335	addons.repository	DEBUG	No addons.json found.
1529917614336	DeferredSave.addons.json	DEBUG	Save changes
1529917614358	DeferredSave.addons.json	DEBUG	Starting timer
1529917614398	addons.manager	DEBUG	Starting provider: PreviousExperimentProvider
1529917614398	addons.manager	DEBUG	Registering shutdown blocker for PreviousExperimentProvider
1529917614398	addons.manager	DEBUG	Provider finished startup: PreviousExperimentProvider
1529917614401	DeferredSave.extensions.json	DEBUG	Write succeeded
1529917614402	addons.xpi-utils	DEBUG	XPI Database saved, setting schema version preference to 17
1529917614411	DeferredSave.addons.json	DEBUG	Starting write
1529917614538	DeferredSave.addons.json	DEBUG	Write succeeded

Build info: version: '2.53.1', revision: 'a36b8b1cd5757287168e54b817830adce9b0158d', time: '2016-06-30 19:26:09'
System info: host: 'user', ip: '172.20.10.4', os.name: 'Windows 8', os.arch: 'amd64', os.version: '6.2', java.version: '1.8.0_171'
Driver info: driver.version: FirefoxDriver
	at org.openqa.selenium.firefox.internal.NewProfileExtensionConnection.start(NewProfileExtensionConnection.java:125)
	at org.openqa.selenium.firefox.FirefoxDriver.startClient(FirefoxDriver.java:271)
	at org.openqa.selenium.remote.RemoteWebDriver.<init>(RemoteWebDriver.java:119)
	at org.openqa.selenium.firefox.FirefoxDriver.<init>(FirefoxDriver.java:216)
	at org.openqa.selenium.firefox.FirefoxDriver.<init>(FirefoxDriver.java:211)
	at org.openqa.selenium.firefox.FirefoxDriver.<init>(FirefoxDriver.java:207)
	at org.openqa.selenium.firefox.FirefoxDriver.<init>(FirefoxDriver.java:120)
	at com.keximbanking.custlogin.Reprository.launch(Reprository.java:66)
	at com.keximbanking.custlogin.TestExecution.verify_launch(TestExecution.java:23)
	at java.util.concurrent.FutureTask.run(Unknown Source)
	at java.util.concurrent.ThreadPoolExecutor.runWorker(Unknown Source)
	at java.util.concurrent.ThreadPoolExecutor$Worker.run(Unknown Source)
	at java.lang.Thread.run(Unknown Source)
Caused by: org.openqa.selenium.firefox.NotConnectedException: Unable to connect to host 127.0.0.1 on port 7055 after 45000 ms. Firefox console output:
-7e08-4474-a285-3208198ce6fd}","syncGUID":"z2qf8qQVi4WR","location":"app-global","version":"48.0","type":"theme","internalName":"classic/1.0","updateURL":null,"updateKey":null,"optionsURL":null,"optionsType":null,"aboutURL":null,"icons":{"32":"icon.png","48":"icon.png"},"iconURL":null,"icon64URL":null,"defaultLocale":{"name":"Default","description":"The default theme.","creator":"Mozilla","homepageURL":null,"contributors":["Mozilla Contributors"]},"visible":true,"active":true,"userDisabled":false,"appDisabled":false,"descriptor":"C:\\Program Files\\Mozilla Firefox\\browser\\extensions\\{972ce4c6-7e08-4474-a285-3208198ce6fd}.xpi","installDate":1469558821000,"updateDate":1469558821000,"applyBackgroundUpdates":1,"skinnable":true,"size":21899,"sourceURI":null,"releaseNotesURI":null,"softDisabled":false,"foreignInstall":false,"hasBinaryComponents":false,"strictCompatibility":true,"locales":[],"targetApplications":[{"id":"{ec8030f7-c20a-464f-9b0e-13a3a9e97384}","minVersion":"48.0","maxVersion":"48.0"}],"targetPlatforms":[],"seen":true}
1529917612377	addons.xpi	DEBUG	getModTime: Recursive scan of {972ce4c6-7e08-4474-a285-3208198ce6fd}
1529917612378	DeferredSave.extensions.json	DEBUG	Save changes
1529917612378	addons.xpi	DEBUG	Updating database with changes to installed add-ons
1529917612379	addons.xpi-utils	DEBUG	Updating add-on states
1529917612379	addons.xpi-utils	DEBUG	Writing add-ons list
1529917612382	addons.xpi	DEBUG	Registering manifest for C:\Program Files\Mozilla Firefox\browser\features\e10srollout@mozilla.org.xpi
1529917612383	addons.xpi	DEBUG	Calling bootstrap method startup on e10srollout@mozilla.org version 1.0
1529917612383	addons.xpi	DEBUG	Registering manifest for C:\Program Files\Mozilla Firefox\browser\features\firefox@getpocket.com.xpi
1529917612383	addons.xpi	DEBUG	Calling bootstrap method startup on firefox@getpocket.com version 1.0.4
1529917612384	addons.xpi	DEBUG	Registering manifest for C:\Program Files\Mozilla Firefox\browser\features\loop@mozilla.org.xpi
1529917612385	addons.xpi	DEBUG	Calling bootstrap method startup on loop@mozilla.org version 1.4.3
1529917612405	addons.manager	DEBUG	Registering shutdown blocker for XPIProvider
1529917612405	addons.manager	DEBUG	Provider finished startup: XPIProvider
1529917612405	addons.manager	DEBUG	Starting provider: LightweightThemeManager
1529917612405	addons.manager	DEBUG	Registering shutdown blocker for LightweightThemeManager
1529917612406	addons.manager	DEBUG	Provider finished startup: LightweightThemeManager
1529917612406	addons.manager	DEBUG	Starting provider: GMPProvider
1529917612413	addons.manager	DEBUG	Registering shutdown blocker for GMPProvider
1529917612413	addons.manager	DEBUG	Provider finished startup: GMPProvider
1529917612413	addons.manager	DEBUG	Starting provider: PluginProvider
1529917612413	addons.manager	DEBUG	Registering shutdown blocker for PluginProvider
1529917612414	addons.manager	DEBUG	Provider finished startup: PluginProvider
1529917612414	addons.manager	DEBUG	Completed startup sequence
1529917614120	addons.manager	DEBUG	Starting provider: <unnamed-provider>
1529917614120	addons.manager	DEBUG	Registering shutdown blocker for <unnamed-provider>
1529917614120	addons.manager	DEBUG	Provider finished startup: <unnamed-provider>
1529917614122	DeferredSave.extensions.json	DEBUG	Starting write
1529917614335	addons.repository	DEBUG	No addons.json found.
1529917614336	DeferredSave.addons.json	DEBUG	Save changes
1529917614358	DeferredSave.addons.json	DEBUG	Starting timer
1529917614398	addons.manager	DEBUG	Starting provider: PreviousExperimentProvider
1529917614398	addons.manager	DEBUG	Registering shutdown blocker for PreviousExperimentProvider
1529917614398	addons.manager	DEBUG	Provider finished startup: PreviousExperimentProvider
1529917614401	DeferredSave.extensions.json	DEBUG	Write succeeded
1529917614402	addons.xpi-utils	DEBUG	XPI Database saved, setting schema version preference to 17
1529917614411	DeferredSave.addons.json	DEBUG	Starting write
1529917614538	DeferredSave.addons.json	DEBUG	Write succeeded

	at org.openqa.selenium.firefox.internal.NewProfileExtensionConnection.start(NewProfileExtensionConnection.java:113)
	... 26 more
... Removed 14 stack frames]]>
    </failure>
  </testcase> <!-- @BeforeTest verify_launch -->
  <testcase name="verify_login" time="0.0" classname="com.keximbanking.custlogin.TestExecution">
    <skipped/>
  </testcase> <!-- verify_login -->
</testsuite> <!-- FirefoxTest -->
