<?xml version="1.0" encoding="UTF-8"?>
<testng-results skipped="0" failed="0" total="3" passed="3">
  <reporter-output>
    <line>
      <![CDATA[text not passed]]>
    </line>
    <line>
      <![CDATA[Branch name already exist]]>
    </line>
    <line>
      <![CDATA[Branch name already exist]]>
    </line>
    <line>
      <![CDATA[Branch name already exist]]>
    </line>
  </reporter-output>
  <suite name="Default suite" duration-ms="49221" started-at="2018-06-08T03:45:52Z" finished-at="2018-06-08T03:46:41Z">
    <groups>
    </groups>
    <test name="Default test" duration-ms="49221" started-at="2018-06-08T03:45:52Z" finished-at="2018-06-08T03:46:41Z">
      <class name="com.keximbanking.custlogin.TestExecution">
        <test-method status="PASS" signature="verify_launch()[pri:0, instance:com.keximbanking.custlogin.TestExecution@3b0143d3]" name="verify_launch" is-config="true" duration-ms="10782" started-at="2018-06-08T09:15:52Z" finished-at="2018-06-08T09:16:03Z">
          <reporter-output>
          </reporter-output>
        </test-method> <!-- verify_launch -->
        <test-method status="PASS" signature="verify_login()[pri:1, instance:com.keximbanking.custlogin.TestExecution@3b0143d3]" name="verify_login" duration-ms="4380" started-at="2018-06-08T09:16:03Z" finished-at="2018-06-08T09:16:07Z">
          <reporter-output>
            <line>
              <![CDATA[text not passed]]>
            </line>
          </reporter-output>
        </test-method> <!-- verify_login -->
        <test-method status="PASS" signature="branch_clicking()[pri:2, instance:com.keximbanking.custlogin.TestExecution@3b0143d3]" name="branch_clicking" duration-ms="902" started-at="2018-06-08T09:16:07Z" finished-at="2018-06-08T09:16:08Z">
          <reporter-output>
          </reporter-output>
        </test-method> <!-- branch_clicking -->
        <test-method status="PASS" signature="verify_content()[pri:3, instance:com.keximbanking.custlogin.TestExecution@3b0143d3]" name="verify_content" duration-ms="33101" started-at="2018-06-08T09:16:08Z" finished-at="2018-06-08T09:16:41Z">
          <reporter-output>
            <line>
              <![CDATA[Branch name already exist]]>
            </line>
            <line>
              <![CDATA[Branch name already exist]]>
            </line>
            <line>
              <![CDATA[Branch name already exist]]>
            </line>
          </reporter-output>
        </test-method> <!-- verify_content -->
      </class> <!-- com.keximbanking.custlogin.TestExecution -->
    </test> <!-- Default test -->
  </suite> <!-- Default suite -->
</testng-results>
