<?xml version="1.0" encoding="UTF-8"?>
<testng-results skipped="0" failed="0" total="3" passed="3">
  <reporter-output>
    <line>
      <![CDATA[text not passed]]>
    </line>
    <line>
      <![CDATA[Branch name already exist]]>
    </line>
    <line>
      <![CDATA[Branch name already exist]]>
    </line>
    <line>
      <![CDATA[Branch name already exist]]>
    </line>
  </reporter-output>
  <suite name="Default suite" duration-ms="39127" started-at="2018-06-25T09:47:00Z" finished-at="2018-06-25T09:47:39Z">
    <groups>
    </groups>
    <test name="Default test" duration-ms="39127" started-at="2018-06-25T09:47:00Z" finished-at="2018-06-25T09:47:39Z">
      <class name="com.keximbanking.custlogin.TestExecution">
        <test-method status="PASS" signature="verify_launch()[pri:0, instance:com.keximbanking.custlogin.TestExecution@56ac3a89]" name="verify_launch" is-config="true" duration-ms="13792" started-at="2018-06-25T15:17:00Z" finished-at="2018-06-25T15:17:13Z">
          <reporter-output>
          </reporter-output>
        </test-method> <!-- verify_launch -->
        <test-method status="PASS" signature="verify_login()[pri:1, instance:com.keximbanking.custlogin.TestExecution@56ac3a89]" name="verify_login" duration-ms="5454" started-at="2018-06-25T15:17:13Z" finished-at="2018-06-25T15:17:19Z">
          <reporter-output>
            <line>
              <![CDATA[text not passed]]>
            </line>
          </reporter-output>
        </test-method> <!-- verify_login -->
        <test-method status="PASS" signature="branch_clicking()[pri:2, instance:com.keximbanking.custlogin.TestExecution@56ac3a89]" name="branch_clicking" duration-ms="1710" started-at="2018-06-25T15:17:19Z" finished-at="2018-06-25T15:17:21Z">
          <reporter-output>
          </reporter-output>
        </test-method> <!-- branch_clicking -->
        <test-method status="PASS" signature="verify_content()[pri:3, instance:com.keximbanking.custlogin.TestExecution@56ac3a89]" name="verify_content" duration-ms="18151" started-at="2018-06-25T15:17:21Z" finished-at="2018-06-25T15:17:39Z">
          <reporter-output>
            <line>
              <![CDATA[Branch name already exist]]>
            </line>
            <line>
              <![CDATA[Branch name already exist]]>
            </line>
            <line>
              <![CDATA[Branch name already exist]]>
            </line>
          </reporter-output>
        </test-method> <!-- verify_content -->
      </class> <!-- com.keximbanking.custlogin.TestExecution -->
    </test> <!-- Default test -->
  </suite> <!-- Default suite -->
</testng-results>
